<?xml version="1.0" encoding="UTF-8"?>
<!-- Generated by org.testng.reporters.JUnitXMLReporter -->
<testsuite ignored="0" hostname="DESKTOP-4HAEB1C" failures="0" tests="4" name="Default test" time="44.591" errors="0" timestamp="2022-12-31T17:14:42 IST">
  <testcase classname="test.BaseClass" name="browserOpen" time="33.056"/>
  <testcase classname="test.BaseClass" name="setValue" time="1.868"/>
  <testcase classname="test.BaseClass" name="findElement" time="1.0"/>
  <testcase classname="test.BaseClass" name="calender" time="8.563"/>
</testsuite> <!-- Default test -->
