<?xml version="1.0" encoding="UTF-8"?>
<testng-results ignored="0" total="4" passed="4" failed="0" skipped="0">
  <reporter-output>
  </reporter-output>
  <suite started-at="2022-12-31T17:13:57 IST" name="Default suite" finished-at="2022-12-31T17:14:42 IST" duration-ms="44591">
    <groups>
    </groups>
    <test started-at="2022-12-31T17:13:57 IST" name="Default test" finished-at="2022-12-31T17:14:42 IST" duration-ms="44591">
      <class name="test.BaseClass">
        <test-method signature="browserOpen()[pri:0, instance:test.BaseClass@61862a7f]" started-at="2022-12-31T17:13:57 IST" name="browserOpen" finished-at="2022-12-31T17:14:30 IST" duration-ms="33056" status="PASS">
          <reporter-output>
          </reporter-output>
        </test-method> <!-- browserOpen -->
        <test-method signature="setValue()[pri:1, instance:test.BaseClass@61862a7f]" started-at="2022-12-31T17:14:30 IST" name="setValue" finished-at="2022-12-31T17:14:32 IST" duration-ms="1868" status="PASS">
          <reporter-output>
          </reporter-output>
        </test-method> <!-- setValue -->
        <test-method signature="findElement()[pri:2, instance:test.BaseClass@61862a7f]" started-at="2022-12-31T17:14:32 IST" name="findElement" finished-at="2022-12-31T17:14:33 IST" duration-ms="1000" status="PASS">
          <reporter-output>
          </reporter-output>
        </test-method> <!-- findElement -->
        <test-method signature="calender()[pri:3, instance:test.BaseClass@61862a7f]" started-at="2022-12-31T17:14:33 IST" name="calender" finished-at="2022-12-31T17:14:42 IST" duration-ms="8563" status="PASS">
          <reporter-output>
          </reporter-output>
        </test-method> <!-- calender -->
      </class> <!-- test.BaseClass -->
    </test> <!-- Default test -->
  </suite> <!-- Default suite -->
</testng-results>
